<?xml version="1.0" encoding="UTF-8"?>
<!-- Generated by org.testng.reporters.JUnitReportReporter -->
<testsuite skipped="0" hostname="SandhyaK-PC" name="testMaven.sum2" tests="3" failures="0" timestamp="15 Feb 2018 07:00:07 GMT" time="0.005" errors="0">
  <testcase name="mul" time="0.002" classname="testMaven.sum2"/>
  <testcase name="sub" time="0.001" classname="testMaven.sum2"/>
  <testcase name="sum1" time="0.002" classname="testMaven.sum2"/>
</testsuite> <!-- testMaven.sum2 -->
