<?xml version="1.0" encoding="UTF-8"?>
<!-- Generated by org.testng.reporters.JUnitReportReporter -->
<testsuite skipped="0" hostname="SandhyaK-PC" name="testMaven.Sum" tests="3" failures="0" timestamp="15 Feb 2018 07:00:07 GMT" time="0.025" errors="0">
  <testcase name="sub" time="0.002" classname="testMaven.Sum"/>
  <testcase name="mul" time="0.021" classname="testMaven.Sum"/>
  <testcase name="sum1" time="0.002" classname="testMaven.Sum"/>
</testsuite> <!-- testMaven.Sum -->
